10:14:12 **** Build of configuration Debug for project egit test project ****
make all 
Building file: ../Android IDE test.cpp
Invoking: GCC C++ Compiler
g++ -O0 -g3 -Wall -c -fmessage-length=0 -MMD -MP -MF"Android IDE test.d" -MT"Android\ IDE\ test.d" -o "Android IDE test.o" "../Android IDE test.cpp"
../Android IDE test.cpp:1:1: error: ‘include’ does not name a type
../Android IDE test.cpp: In function ‘int main()’:
../Android IDE test.cpp:8:1: error: ‘cout’ was not declared in this scope
../Android IDE test.cpp:8:24: error: ‘endl’ was not declared in this scope
../Android IDE test.cpp:14:1: error: ‘count’ was not declared in this scope
make: *** [Android IDE test.o] Error 1

10:14:12 Build Finished (took 393ms)

