22:52:03 **** Build of configuration Debug for project showdir ****
make all 
Building file: ../main.cpp
Invoking: GCC C++ Compiler
g++ -O0 -g3 -Wall -c -fmessage-length=0 -MMD -MP -MF"main.d" -MT"main.d" -o "main.o" "../main.cpp"
../main.cpp: In member function ‘void Console::lsShort(std::string)’:
../main.cpp:56:38: warning: suggest parentheses around assignment used as truth value [-Wparentheses]
../main.cpp: In member function ‘void Console::lsLong(std::string)’:
../main.cpp:84:38: warning: suggest parentheses around assignment used as truth value [-Wparentheses]
Finished building: ../main.cpp
 
Building target: showdir
Invoking: GCC C++ Linker
g++  -o "showdir"  ./main.o   
Finished building target: showdir
 
22:52:09 **** Incremental Build of configuration Debug for project showdir ****
make all 
make: Nothing to be done for `all'.
22:59:32 **** Incremental Build of configuration Debug for project showdir ****
make all 
Building file: ../main.cpp
Invoking: GCC C++ Compiler
g++ -O0 -g3 -Wall -c -fmessage-length=0 -MMD -MP -MF"main.d" -MT"main.d" -o "main.o" "../main.cpp"
../main.cpp: In constructor ‘Console::Console()’:
../main.cpp:30:41: error: incompatible types in assignment of ‘const char [11]’ to ‘char [256]’
../main.cpp: In member function ‘void Console::usrinput()’:
../main.cpp:44:17: error: incompatible types in assignment of ‘std::string {aka std::basic_string<char>}’ to ‘char [256]’
../main.cpp: In member function ‘void Console::lsShort(std::string)’:
../main.cpp:56:38: warning: suggest parentheses around assignment used as truth value [-Wparentheses]
../main.cpp: In member function ‘void Console::lsLong(std::string)’:
../main.cpp:84:38: warning: suggest parentheses around assignment used as truth value [-Wparentheses]
make: *** [main.o] Error 1
23:00:04 **** Incremental Build of configuration Debug for project showdir ****
make all 
Building file: ../main.cpp
Invoking: GCC C++ Compiler
g++ -O0 -g3 -Wall -c -fmessage-length=0 -MMD -MP -MF"main.d" -MT"main.d" -o "main.o" "../main.cpp"
../main.cpp: In member function ‘void Console::lsShort(std::string)’:
../main.cpp:56:38: warning: suggest parentheses around assignment used as truth value [-Wparentheses]
../main.cpp: In member function ‘void Console::lsLong(std::string)’:
../main.cpp:84:38: warning: suggest parentheses around assignment used as truth value [-Wparentheses]
Finished building: ../main.cpp
 
Building target: showdir
Invoking: GCC C++ Linker
g++  -o "showdir"  ./main.o   
Finished building target: showdir
 
23:00:15 **** Incremental Build of configuration Debug for project showdir ****
make all 
Building file: ../main.cpp
Invoking: GCC C++ Compiler
g++ -O0 -g3 -Wall -c -fmessage-length=0 -MMD -MP -MF"main.d" -MT"main.d" -o "main.o" "../main.cpp"
../main.cpp: In member function ‘void Console::lsShort(std::string)’:
../main.cpp:55:38: warning: suggest parentheses around assignment used as truth value [-Wparentheses]
../main.cpp: In member function ‘void Console::lsLong(std::string)’:
../main.cpp:83:38: warning: suggest parentheses around assignment used as truth value [-Wparentheses]
Finished building: ../main.cpp
 
Building target: showdir
Invoking: GCC C++ Linker
g++  -o "showdir"  ./main.o   
Finished building target: showdir
 
23:00:24 **** Incremental Build of configuration Debug for project showdir ****
make all 
Building file: ../main.cpp
Invoking: GCC C++ Compiler
g++ -O0 -g3 -Wall -c -fmessage-length=0 -MMD -MP -MF"main.d" -MT"main.d" -o "main.o" "../main.cpp"
../main.cpp: In member function ‘void Console::usrinput()’:
../main.cpp:34:8: error: ‘cout’ was not declared in this scope
../main.cpp:35:16: error: ‘cin’ was not declared in this scope
../main.cpp: In member function ‘void Console::lsShort(std::string)’:
../main.cpp:54:38: warning: suggest parentheses around assignment used as truth value [-Wparentheses]
../main.cpp:58:6: error: ‘cout’ was not declared in this scope
../main.cpp:62:5: error: ‘cout’ was not declared in this scope
../main.cpp: In member function ‘void Console::lsLong(std::string)’:
../main.cpp:82:38: warning: suggest parentheses around assignment used as truth value [-Wparentheses]
../main.cpp:124:6: error: ‘cout’ was not declared in this scope
../main.cpp:128:5: error: ‘cout’ was not declared in this scope
../main.cpp: In function ‘int main()’:
../main.cpp:138:2: error: ‘cout’ was not declared in this scope
../main.cpp:138:39: error: ‘endl’ was not declared in this scope
make: *** [main.o] Error 1
23:00:34 **** Incremental Build of configuration Debug for project showdir ****
make all 
Building file: ../main.cpp
Invoking: GCC C++ Compiler
g++ -O0 -g3 -Wall -c -fmessage-length=0 -MMD -MP -MF"main.d" -MT"main.d" -o "main.o" "../main.cpp"
../main.cpp: In member function ‘void Console::lsShort(std::string)’:
../main.cpp:54:38: warning: suggest parentheses around assignment used as truth value [-Wparentheses]
../main.cpp: In member function ‘void Console::lsLong(std::string)’:
../main.cpp:82:38: warning: suggest parentheses around assignment used as truth value [-Wparentheses]
Finished building: ../main.cpp
 
Building target: showdir
Invoking: GCC C++ Linker
g++  -o "showdir"  ./main.o   
Finished building target: showdir
 
23:00:44 **** Incremental Build of configuration Debug for project showdir ****
make all 
Building file: ../main.cpp
Invoking: GCC C++ Compiler
g++ -O0 -g3 -Wall -c -fmessage-length=0 -MMD -MP -MF"main.d" -MT"main.d" -o "main.o" "../main.cpp"
../main.cpp: In member function ‘void Console::lsShort(std::string)’:
../main.cpp:53:38: warning: suggest parentheses around assignment used as truth value [-Wparentheses]
../main.cpp: In member function ‘void Console::lsLong(std::string)’:
../main.cpp:81:38: warning: suggest parentheses around assignment used as truth value [-Wparentheses]
Finished building: ../main.cpp
 
Building target: showdir
Invoking: GCC C++ Linker
g++  -o "showdir"  ./main.o   
Finished building target: showdir
 
23:04:21 **** Incremental Build of configuration Debug for project showdir ****
make all 
Building file: ../main.cpp
Invoking: GCC C++ Compiler
g++ -O0 -g3 -Wall -c -fmessage-length=0 -MMD -MP -MF"main.d" -MT"main.d" -o "main.o" "../main.cpp"
../main.cpp: In member function ‘void Console::lsShort(std::string)’:
../main.cpp:52:38: warning: suggest parentheses around assignment used as truth value [-Wparentheses]
../main.cpp: In member function ‘void Console::lsLong(std::string)’:
../main.cpp:80:38: warning: suggest parentheses around assignment used as truth value [-Wparentheses]
Finished building: ../main.cpp
 
Building target: showdir
Invoking: GCC C++ Linker
g++  -o "showdir"  ./main.o   
Finished building target: showdir
 
23:05:45 **** Incremental Build of configuration Debug for project showdir ****
make all 
Building file: ../main.cpp
Invoking: GCC C++ Compiler
g++ -O0 -g3 -Wall -c -fmessage-length=0 -MMD -MP -MF"main.d" -MT"main.d" -o "main.o" "../main.cpp"
../main.cpp: In member function ‘void Console::lsShort(std::string)’:
../main.cpp:52:38: warning: suggest parentheses around assignment used as truth value [-Wparentheses]
../main.cpp: In member function ‘void Console::lsLong(std::string)’:
../main.cpp:80:38: warning: suggest parentheses around assignment used as truth value [-Wparentheses]
../main.cpp:123:89: error: ‘strTime’ was not declared in this scope
make: *** [main.o] Error 1
23:07:05 **** Incremental Build of configuration Debug for project showdir ****
make all 
Building file: ../main.cpp
Invoking: GCC C++ Compiler
g++ -O0 -g3 -Wall -c -fmessage-length=0 -MMD -MP -MF"main.d" -MT"main.d" -o "main.o" "../main.cpp"
../main.cpp: In member function ‘void Console::lsShort(std::string)’:
../main.cpp:52:38: warning: suggest parentheses around assignment used as truth value [-Wparentheses]
../main.cpp: In member function ‘void Console::lsLong(std::string)’:
../main.cpp:81:38: warning: suggest parentheses around assignment used as truth value [-Wparentheses]
Finished building: ../main.cpp
 
Building target: showdir
Invoking: GCC C++ Linker
g++  -o "showdir"  ./main.o   
Finished building target: showdir
 
23:07:10 **** Incremental Build of configuration Debug for project showdir ****
make all 
make: Nothing to be done for `all'.
23:08:09 **** Incremental Build of configuration Debug for project showdir ****
make all 
Building file: ../main.cpp
Invoking: GCC C++ Compiler
g++ -O0 -g3 -Wall -c -fmessage-length=0 -MMD -MP -MF"main.d" -MT"main.d" -o "main.o" "../main.cpp"
../main.cpp: In member function ‘void Console::lsShort(std::string)’:
../main.cpp:52:38: warning: suggest parentheses around assignment used as truth value [-Wparentheses]
../main.cpp: In member function ‘void Console::lsLong(std::string)’:
../main.cpp:81:38: warning: suggest parentheses around assignment used as truth value [-Wparentheses]
Finished building: ../main.cpp
 
Building target: showdir
Invoking: GCC C++ Linker
g++  -o "showdir"  ./main.o   
Finished building target: showdir
 
23:08:12 **** Incremental Build of configuration Debug for project showdir ****
make all 
make: Nothing to be done for `all'.
23:09:17 **** Incremental Build of configuration Debug for project showdir ****
make all 
Building file: ../main.cpp
Invoking: GCC C++ Compiler
g++ -O0 -g3 -Wall -c -fmessage-length=0 -MMD -MP -MF"main.d" -MT"main.d" -o "main.o" "../main.cpp"
../main.cpp: In member function ‘void Console::lsShort(std::string)’:
../main.cpp:52:38: warning: suggest parentheses around assignment used as truth value [-Wparentheses]
../main.cpp: In member function ‘void Console::lsLong(std::string)’:
../main.cpp:81:38: warning: suggest parentheses around assignment used as truth value [-Wparentheses]
../main.cpp:123:6: error: expected ‘;’ before ‘}’ token
make: *** [main.o] Error 1
23:09:26 **** Incremental Build of configuration Debug for project showdir ****
make all 
Building file: ../main.cpp
Invoking: GCC C++ Compiler
g++ -O0 -g3 -Wall -c -fmessage-length=0 -MMD -MP -MF"main.d" -MT"main.d" -o "main.o" "../main.cpp"
../main.cpp: In member function ‘void Console::lsShort(std::string)’:
../main.cpp:52:38: warning: suggest parentheses around assignment used as truth value [-Wparentheses]
../main.cpp: In member function ‘void Console::lsLong(std::string)’:
../main.cpp:81:38: warning: suggest parentheses around assignment used as truth value [-Wparentheses]
Finished building: ../main.cpp
 
Building target: showdir
Invoking: GCC C++ Linker
g++  -o "showdir"  ./main.o   
Finished building target: showdir
 
23:09:30 **** Incremental Build of configuration Debug for project showdir ****
make all 
make: Nothing to be done for `all'.
23:09:44 **** Incremental Build of configuration Debug for project showdir ****
make all 
Building file: ../main.cpp
Invoking: GCC C++ Compiler
g++ -O0 -g3 -Wall -c -fmessage-length=0 -MMD -MP -MF"main.d" -MT"main.d" -o "main.o" "../main.cpp"
../main.cpp: In member function ‘void Console::lsShort(std::string)’:
../main.cpp:52:38: warning: suggest parentheses around assignment used as truth value [-Wparentheses]
../main.cpp: In member function ‘void Console::lsLong(std::string)’:
../main.cpp:81:38: warning: suggest parentheses around assignment used as truth value [-Wparentheses]
Finished building: ../main.cpp
 
Building target: showdir
Invoking: GCC C++ Linker
g++  -o "showdir"  ./main.o   
Finished building target: showdir
 
23:09:47 **** Incremental Build of configuration Debug for project showdir ****
make all 
make: Nothing to be done for `all'.
23:10:59 **** Incremental Build of configuration Debug for project showdir ****
make all 
Building file: ../main.cpp
Invoking: GCC C++ Compiler
g++ -O0 -g3 -Wall -c -fmessage-length=0 -MMD -MP -MF"main.d" -MT"main.d" -o "main.o" "../main.cpp"
../main.cpp: In member function ‘void Console::lsShort(std::string)’:
../main.cpp:52:38: warning: suggest parentheses around assignment used as truth value [-Wparentheses]
../main.cpp: In member function ‘void Console::lsLong(std::string)’:
../main.cpp:81:38: warning: suggest parentheses around assignment used as truth value [-Wparentheses]
Finished building: ../main.cpp
 
Building target: showdir
Invoking: GCC C++ Linker
g++  -o "showdir"  ./main.o   
Finished building target: showdir
 
23:11:02 **** Incremental Build of configuration Debug for project showdir ****
make all 
make: Nothing to be done for `all'.
23:12:23 **** Incremental Build of configuration Debug for project showdir ****
make all 
Building file: ../main.cpp
Invoking: GCC C++ Compiler
g++ -O0 -g3 -Wall -c -fmessage-length=0 -MMD -MP -MF"main.d" -MT"main.d" -o "main.o" "../main.cpp"
../main.cpp: In member function ‘void Console::lsShort(std::string)’:
../main.cpp:52:38: warning: suggest parentheses around assignment used as truth value [-Wparentheses]
../main.cpp: In member function ‘void Console::lsLong(std::string)’:
../main.cpp:81:38: warning: suggest parentheses around assignment used as truth value [-Wparentheses]
Finished building: ../main.cpp
 
Building target: showdir
Invoking: GCC C++ Linker
g++  -o "showdir"  ./main.o   
Finished building target: showdir
 
23:12:26 **** Incremental Build of configuration Debug for project showdir ****
make all 
make: Nothing to be done for `all'.
23:18:54 **** Incremental Build of configuration Debug for project showdir ****
make all 
Building file: ../main.cpp
Invoking: GCC C++ Compiler
g++ -O0 -g3 -Wall -c -fmessage-length=0 -MMD -MP -MF"main.d" -MT"main.d" -o "main.o" "../main.cpp"
../main.cpp: In member function ‘void Console::lsShort(std::string)’:
../main.cpp:52:38: warning: suggest parentheses around assignment used as truth value [-Wparentheses]
../main.cpp: In member function ‘void Console::lsLong(std::string)’:
../main.cpp:81:38: warning: suggest parentheses around assignment used as truth value [-Wparentheses]
Finished building: ../main.cpp
 
Building target: showdir
Invoking: GCC C++ Linker
g++  -o "showdir"  ./main.o   
Finished building target: showdir
 
23:23:38 **** Incremental Build of configuration Debug for project showdir ****
make all 
Building file: ../main.cpp
Invoking: GCC C++ Compiler
g++ -O0 -g3 -Wall -c -fmessage-length=0 -MMD -MP -MF"main.d" -MT"main.d" -o "main.o" "../main.cpp"
../main.cpp: In member function ‘void Console::lsShort(std::string)’:
../main.cpp:52:38: warning: suggest parentheses around assignment used as truth value [-Wparentheses]
../main.cpp: In member function ‘void Console::lsLong(std::string)’:
../main.cpp:81:38: warning: suggest parentheses around assignment used as truth value [-Wparentheses]
Finished building: ../main.cpp
 
Building target: showdir
Invoking: GCC C++ Linker
g++  -o "showdir"  ./main.o   
Finished building target: showdir
 
23:23:51 **** Incremental Build of configuration Debug for project showdir ****
make all 
make: Nothing to be done for `all'.
23:25:54 **** Incremental Build of configuration Debug for project showdir ****
make all 
make: Nothing to be done for `all'.
23:26:46 **** Incremental Build of configuration Debug for project showdir ****
make all 
Building file: ../main.cpp
Invoking: GCC C++ Compiler
g++ -O0 -g3 -Wall -c -fmessage-length=0 -MMD -MP -MF"main.d" -MT"main.d" -o "main.o" "../main.cpp"
../main.cpp: In member function ‘void Console::lsShort(std::string)’:
../main.cpp:52:38: warning: suggest parentheses around assignment used as truth value [-Wparentheses]
../main.cpp: In member function ‘void Console::lsLong(std::string)’:
../main.cpp:81:38: warning: suggest parentheses around assignment used as truth value [-Wparentheses]
Finished building: ../main.cpp
 
Building target: showdir
Invoking: GCC C++ Linker
g++  -o "showdir"  ./main.o   
Finished building target: showdir
 
23:26:52 **** Incremental Build of configuration Debug for project showdir ****
make all 
make: Nothing to be done for `all'.
23:28:03 **** Incremental Build of configuration Debug for project showdir ****
make all 
Building file: ../main.cpp
Invoking: GCC C++ Compiler
g++ -O0 -g3 -Wall -c -fmessage-length=0 -MMD -MP -MF"main.d" -MT"main.d" -o "main.o" "../main.cpp"
../main.cpp: In member function ‘void Console::lsShort(std::string)’:
../main.cpp:52:38: warning: suggest parentheses around assignment used as truth value [-Wparentheses]
../main.cpp: In member function ‘void Console::lsLong(std::string)’:
../main.cpp:80:38: warning: suggest parentheses around assignment used as truth value [-Wparentheses]
Finished building: ../main.cpp
 
Building target: showdir
Invoking: GCC C++ Linker
g++  -o "showdir"  ./main.o   
Finished building target: showdir
 
23:28:10 **** Incremental Build of configuration Debug for project showdir ****
make all 
make: Nothing to be done for `all'.
16:39:06 **** Build of configuration Debug for project fortest ****
make all 
Building file: ../main.cpp
Invoking: GCC C++ Compiler
g++ -O0 -g3 -Wall -c -fmessage-length=0 -MMD -MP -MF"main.d" -MT"main.d" -o "main.o" "../main.cpp"
Finished building: ../main.cpp
 
Building target: fortest
Invoking: GCC C++ Linker
g++  -o "fortest"  ./main.o   
/usr/lib/gcc/i686-linux-gnu/4.6/../../../i386-linux-gnu/crt1.o: In function `_start':
(.text+0x18): undefined reference to `main'
collect2: ld returned 1 exit status
make: *** [fortest] Error 1
16:41:47 **** Incremental Build of configuration Debug for project fortest ****
make all 
Building file: ../main.cpp
Invoking: GCC C++ Compiler
g++ -O0 -g3 -Wall -c -fmessage-length=0 -MMD -MP -MF"main.d" -MT"main.d" -o "main.o" "../main.cpp"
../main.cpp: In function ‘int main()’:
../main.cpp:19:4: error: ‘PID_t’ was not declared in this scope
../main.cpp:19:10: error: expected ‘;’ before ‘PID’
../main.cpp:21:4: error: ‘PID’ was not declared in this scope
../main.cpp:26:7: error: ‘cout’ was not declared in this scope
../main.cpp:29:7: error: ‘cout’ was not declared in this scope
../main.cpp:30:4: error: expected ‘;’ before ‘}’ token
make: *** [main.o] Error 1
16:50:23 **** Incremental Build of configuration Debug for project fortest ****
make all 
Building file: ../main.cpp
Invoking: GCC C++ Compiler
g++ -O0 -g3 -Wall -c -fmessage-length=0 -MMD -MP -MF"main.d" -MT"main.d" -o "main.o" "../main.cpp"
../main.cpp: In function ‘int main()’:
../main.cpp:26:7: error: ‘cout’ was not declared in this scope
../main.cpp:29:7: error: ‘cout’ was not declared in this scope
../main.cpp:30:4: error: expected ‘;’ before ‘}’ token
make: *** [main.o] Error 1
16:52:18 **** Incremental Build of configuration Debug for project fortest ****
make all 
Building file: ../main.cpp
Invoking: GCC C++ Compiler
g++ -O0 -g3 -Wall -c -fmessage-length=0 -MMD -MP -MF"main.d" -MT"main.d" -o "main.o" "../main.cpp"
../main.cpp: In function ‘int main()’:
../main.cpp:27:7: error: ‘cout’ was not declared in this scope
../main.cpp:30:7: error: ‘cout’ was not declared in this scope
../main.cpp:31:4: error: expected ‘;’ before ‘}’ token
make: *** [main.o] Error 1
16:52:42 **** Incremental Build of configuration Debug for project fortest ****
make all 
Building file: ../main.cpp
Invoking: GCC C++ Compiler
g++ -O0 -g3 -Wall -c -fmessage-length=0 -MMD -MP -MF"main.d" -MT"main.d" -o "main.o" "../main.cpp"
../main.cpp: In function ‘int main()’:
../main.cpp:27:7: error: ‘cout’ was not declared in this scope
../main.cpp:30:7: error: ‘cout’ was not declared in this scope
make: *** [main.o] Error 1
16:53:32 **** Incremental Build of configuration Debug for project fortest ****
make all 
Building file: ../main.cpp
Invoking: GCC C++ Compiler
g++ -O0 -g3 -Wall -c -fmessage-length=0 -MMD -MP -MF"main.d" -MT"main.d" -o "main.o" "../main.cpp"
Finished building: ../main.cpp
 
Building target: fortest
Invoking: GCC C++ Linker
g++  -o "fortest"  ./main.o   
Finished building target: fortest
 
16:53:38 **** Incremental Build of configuration Debug for project fortest ****
make all 
make: Nothing to be done for `all'.
16:54:08 **** Incremental Build of configuration Debug for project fortest ****
make all 
Building file: ../main.cpp
Invoking: GCC C++ Compiler
g++ -O0 -g3 -Wall -c -fmessage-length=0 -MMD -MP -MF"main.d" -MT"main.d" -o "main.o" "../main.cpp"
Finished building: ../main.cpp
 
Building target: fortest
Invoking: GCC C++ Linker
g++  -o "fortest"  ./main.o   
Finished building target: fortest
 
17:02:41 **** Incremental Build of configuration Debug for project fortest ****
make all 
Building file: ../main.cpp
Invoking: GCC C++ Compiler
g++ -O0 -g3 -Wall -c -fmessage-length=0 -MMD -MP -MF"main.d" -MT"main.d" -o "main.o" "../main.cpp"
Finished building: ../main.cpp
 
Building target: fortest
Invoking: GCC C++ Linker
g++  -o "fortest"  ./main.o   
Finished building target: fortest
 
17:02:45 **** Incremental Build of configuration Debug for project fortest ****
make all 
make: Nothing to be done for `all'.
21:30:01 **** Build of configuration Debug for project lineType V1 ****
make all 
Building file: ../main.cpp
Invoking: GCC C++ Compiler
g++ -O0 -g3 -Wall -c -fmessage-length=0 -MMD -MP -MF"main.d" -MT"main.d" -o "main.o" "../main.cpp"
../main.cpp:16:2: error: ‘Private’ does not name a type
../main.cpp:20:2: error: ‘Public’ does not name a type
../main.cpp: In member function ‘bool lineType::isHori()’:
../main.cpp:27:7: error: ‘a’ was not declared in this scope
../main.cpp: In member function ‘float lineType::getSlope()’:
../main.cpp:46:17: error: ‘a’ was not declared in this scope
../main.cpp: In member function ‘bool lineType::isEqual(lineType)’:
../main.cpp:56:8: error: ‘a’ was not declared in this scope
../main.cpp:56:14: error: ‘class lineType’ has no member named ‘a’
../main.cpp:58:55: error: lvalue required as left operand of assignment
../main.cpp:60:47: error: ‘class lineType’ has no member named ‘a’
../main.cpp: In member function ‘bool lineType::isPara(lineType)’:
../main.cpp:80:15: error: argument of type ‘bool (lineType::)()’ does not match ‘bool’
../main.cpp:80:15: error: in argument to unary !
../main.cpp:80:30: error: argument of type ‘bool (lineType::)()’ does not match ‘bool’
../main.cpp:80:30: error: in argument to unary !
../main.cpp:82:10: error: ‘a’ was not declared in this scope
../main.cpp:82:20: error: ‘class lineType’ has no member named ‘a’
../main.cpp: In member function ‘void lineType::getIntcp(lineType)’:
../main.cpp:100:26: error: ‘a’ was not declared in this scope
../main.cpp:100:33: error: ‘class lineType’ has no member named ‘a’
../main.cpp:101:22: error: ‘class lineType’ has no member named ‘a’
../main.cpp:101:38: error: ‘class lineType’ has no member named ‘a’
../main.cpp:105:26: error: ‘class lineType’ has no member named ‘a’
../main.cpp:108:13: error: ‘a’ was not declared in this scope
../main.cpp:109:18: error: ‘class lineType’ has no member named ‘a’
../main.cpp:113:17: error: ‘a’ was not declared in this scope
../main.cpp:116:19: error: ‘class lineType’ has no member named ‘a’
../main.cpp:117:12: error: ‘a’ was not declared in this scope
../main.cpp:120:13: error: ‘a’ was not declared in this scope
../main.cpp:124:19: error: ‘class lineType’ has no member named ‘a’
../main.cpp: In function ‘int main()’:
../main.cpp:151:23: error: no matching function for call to ‘lineType::lineType(float&, float&, float&)’
../main.cpp:151:23: note: candidates are:
../main.cpp:14:7: note: lineType::lineType()
../main.cpp:14:7: note:   candidate expects 0 arguments, 3 provided
../main.cpp:14:7: note: lineType::lineType(const lineType&)
../main.cpp:14:7: note:   candidate expects 1 argument, 3 provided
../main.cpp:151:36: error: no matching function for call to ‘lineType::lineType(float&, float&, float&)’
../main.cpp:151:36: note: candidates are:
../main.cpp:14:7: note: lineType::lineType()
../main.cpp:14:7: note:   candidate expects 0 arguments, 3 provided
../main.cpp:14:7: note: lineType::lineType(const lineType&)
../main.cpp:14:7: note:   candidate expects 1 argument, 3 provided
../main.cpp:42:9: error: ‘float lineType::getSlope()’ is private
../main.cpp:153:42: error: within this context
../main.cpp:42:9: error: ‘float lineType::getSlope()’ is private
../main.cpp:154:36: error: within this context
../main.cpp:54:9: error: ‘bool lineType::isEqual(lineType)’ is private
../main.cpp:156:44: error: within this context
../main.cpp:66:9: error: ‘bool lineType::isPerpen(lineType)’ is private
../main.cpp:157:55: error: within this context
../main.cpp:75:9: error: ‘bool lineType::isPara(lineType)’ is private
../main.cpp:158:48: error: within this context
../main.cpp:159:12: error: ‘class lineType’ has no member named ‘getIntcpt’
../main.cpp: In member function ‘float lineType::getSlope()’:
../main.cpp:51:3: warning: control reaches end of non-void function [-Wreturn-type]
../main.cpp: In member function ‘bool lineType::isHori()’:
../main.cpp:31:3: warning: control reaches end of non-void function [-Wreturn-type]
make: *** [main.o] Error 1
21:30:48 **** Incremental Build of configuration Debug for project lineType V1 ****
make all 
Building file: ../main.cpp
Invoking: GCC C++ Compiler
g++ -O0 -g3 -Wall -c -fmessage-length=0 -MMD -MP -MF"main.d" -MT"main.d" -o "main.o" "../main.cpp"
../main.cpp:21:13: error: expected ‘)’ before ‘,’ token
../main.cpp: In member function ‘bool lineType::isEqual(lineType)’:
../main.cpp:58:55: error: lvalue required as left operand of assignment
../main.cpp:60:57: error: lvalue required as left operand of assignment
../main.cpp: In member function ‘bool lineType::isPara(lineType)’:
../main.cpp:80:15: error: argument of type ‘bool (lineType::)()’ does not match ‘bool’
../main.cpp:80:15: error: in argument to unary !
../main.cpp:80:30: error: argument of type ‘bool (lineType::)()’ does not match ‘bool’
../main.cpp:80:30: error: in argument to unary !
../main.cpp:82:26: error: lvalue required as left operand of assignment
../main.cpp: In function ‘int main()’:
../main.cpp:151:23: error: no matching function for call to ‘lineType::lineType(float&, float&, float&)’
../main.cpp:151:23: note: candidates are:
../main.cpp:14:7: note: lineType::lineType()
../main.cpp:14:7: note:   candidate expects 0 arguments, 3 provided
../main.cpp:14:7: note: lineType::lineType(const lineType&)
../main.cpp:14:7: note:   candidate expects 1 argument, 3 provided
../main.cpp:151:36: error: no matching function for call to ‘lineType::lineType(float&, float&, float&)’
../main.cpp:151:36: note: candidates are:
../main.cpp:14:7: note: lineType::lineType()
../main.cpp:14:7: note:   candidate expects 0 arguments, 3 provided
../main.cpp:14:7: note: lineType::lineType(const lineType&)
../main.cpp:14:7: note:   candidate expects 1 argument, 3 provided
../main.cpp:159:12: error: ‘class lineType’ has no member named ‘getIntcpt’
../main.cpp: In member function ‘float lineType::getSlope()’:
../main.cpp:51:3: warning: control reaches end of non-void function [-Wreturn-type]
make: *** [main.o] Error 1
21:33:19 **** Incremental Build of configuration Debug for project lineType V1 ****
make all 
Building file: ../main.cpp
Invoking: GCC C++ Compiler
g++ -O0 -g3 -Wall -c -fmessage-length=0 -MMD -MP -MF"main.d" -MT"main.d" -o "main.o" "../main.cpp"
../main.cpp:21:13: error: expected ‘)’ before ‘,’ token
../main.cpp: In member function ‘bool lineType::isEqual(lineType)’:
../main.cpp:58:56: error: lvalue required as left operand of assignment
../main.cpp:62:57: error: lvalue required as left operand of assignment
../main.cpp: In member function ‘bool lineType::isPara(lineType)’:
../main.cpp:84:15: error: argument of type ‘bool (lineType::)()’ does not match ‘bool’
../main.cpp:84:15: error: in argument to unary !
../main.cpp:84:30: error: argument of type ‘bool (lineType::)()’ does not match ‘bool’
../main.cpp:84:30: error: in argument to unary !
../main.cpp:86:26: error: lvalue required as left operand of assignment
../main.cpp: In function ‘int main()’:
../main.cpp:155:23: error: no matching function for call to ‘lineType::lineType(float&, float&, float&)’
../main.cpp:155:23: note: candidates are:
../main.cpp:14:7: note: lineType::lineType()
../main.cpp:14:7: note:   candidate expects 0 arguments, 3 provided
../main.cpp:14:7: note: lineType::lineType(const lineType&)
../main.cpp:14:7: note:   candidate expects 1 argument, 3 provided
../main.cpp:155:36: error: no matching function for call to ‘lineType::lineType(float&, float&, float&)’
../main.cpp:155:36: note: candidates are:
../main.cpp:14:7: note: lineType::lineType()
../main.cpp:14:7: note:   candidate expects 0 arguments, 3 provided
../main.cpp:14:7: note: lineType::lineType(const lineType&)
../main.cpp:14:7: note:   candidate expects 1 argument, 3 provided
../main.cpp:163:12: error: ‘class lineType’ has no member named ‘getIntcpt’
../main.cpp: In member function ‘float lineType::getSlope()’:
../main.cpp:50:3: warning: control reaches end of non-void function [-Wreturn-type]
make: *** [main.o] Error 1
21:33:53 **** Incremental Build of configuration Debug for project lineType V1 ****
make all 
Building file: ../main.cpp
Invoking: GCC C++ Compiler
g++ -O0 -g3 -Wall -c -fmessage-length=0 -MMD -MP -MF"main.d" -MT"main.d" -o "main.o" "../main.cpp"
../main.cpp: In member function ‘bool lineType::isEqual(lineType)’:
../main.cpp:58:56: error: lvalue required as left operand of assignment
../main.cpp:62:57: error: lvalue required as left operand of assignment
../main.cpp: In member function ‘bool lineType::isPara(lineType)’:
../main.cpp:84:15: error: argument of type ‘bool (lineType::)()’ does not match ‘bool’
../main.cpp:84:15: error: in argument to unary !
../main.cpp:84:30: error: argument of type ‘bool (lineType::)()’ does not match ‘bool’
../main.cpp:84:30: error: in argument to unary !
../main.cpp:86:26: error: lvalue required as left operand of assignment
../main.cpp: In function ‘int main()’:
../main.cpp:163:12: error: ‘class lineType’ has no member named ‘getIntcpt’
../main.cpp: In member function ‘float lineType::getSlope()’:
../main.cpp:50:3: warning: control reaches end of non-void function [-Wreturn-type]
make: *** [main.o] Error 1
21:35:41 **** Incremental Build of configuration Debug for project lineType V1 ****
make all 
Building file: ../main.cpp
Invoking: GCC C++ Compiler
g++ -O0 -g3 -Wall -c -fmessage-length=0 -MMD -MP -MF"main.d" -MT"main.d" -o "main.o" "../main.cpp"
../main.cpp: In member function ‘bool lineType::isEqual(lineType)’:
../main.cpp:58:56: error: lvalue required as left operand of assignment
../main.cpp:62:57: error: lvalue required as left operand of assignment
../main.cpp: In member function ‘bool lineType::isPara(lineType)’:
../main.cpp:84:15: error: argument of type ‘bool (lineType::)()’ does not match ‘bool’
../main.cpp:84:15: error: in argument to unary !
../main.cpp:84:30: error: argument of type ‘bool (lineType::)()’ does not match ‘bool’
../main.cpp:84:30: error: in argument to unary !
../main.cpp:86:26: error: lvalue required as left operand of assignment
../main.cpp: In function ‘int main()’:
../main.cpp:163:12: error: ‘class lineType’ has no member named ‘getIntcpt’
../main.cpp: In member function ‘float lineType::getSlope()’:
../main.cpp:50:3: warning: control reaches end of non-void function [-Wreturn-type]
make: *** [main.o] Error 1
21:36:42 **** Build of configuration Debug for project egit test ****
make all 
make: Nothing to be done for `all'.
21:36:42 **** Build of configuration Debug for project exercise_9_2 ****
make all 
make: Nothing to be done for `all'.
21:36:42 **** Incremental Build of configuration Debug for project fortest ****
make all 
make: Nothing to be done for `all'.
21:36:43 **** Incremental Build of configuration Debug for project lineType V1 ****
make all 
Building file: ../main.cpp
Invoking: GCC C++ Compiler
g++ -O0 -g3 -Wall -c -fmessage-length=0 -MMD -MP -MF"main.d" -MT"main.d" -o "main.o" "../main.cpp"
../main.cpp: In function ‘int main()’:
../main.cpp:163:24: error: no match for ‘operator<<’ in ‘std::cout << l1.lineType::getIntcpt(l2)’
../main.cpp:163:24: note: candidates are:
/usr/include/c++/4.6/ostream:110:7: note: std::basic_ostream<_CharT, _Traits>::__ostream_type& std::basic_ostream<_CharT, _Traits>::operator<<(std::basic_ostream<_CharT, _Traits>::__ostream_type& (*)(std::basic_ostream<_CharT, _Traits>::__ostream_type&)) [with _CharT = char, _Traits = std::char_traits<char>, std::basic_ostream<_CharT, _Traits>::__ostream_type = std::basic_ostream<char>]
/usr/include/c++/4.6/ostream:110:7: note:   no known conversion for argument 1 from ‘void’ to ‘std::basic_ostream<char>::__ostream_type& (*)(std::basic_ostream<char>::__ostream_type&) {aka std::basic_ostream<char>& (*)(std::basic_ostream<char>&)}’
/usr/include/c++/4.6/ostream:119:7: note: std::basic_ostream<_CharT, _Traits>::__ostream_type& std::basic_ostream<_CharT, _Traits>::operator<<(std::basic_ostream<_CharT, _Traits>::__ios_type& (*)(std::basic_ostream<_CharT, _Traits>::__ios_type&)) [with _CharT = char, _Traits = std::char_traits<char>, std::basic_ostream<_CharT, _Traits>::__ostream_type = std::basic_ostream<char>, std::basic_ostream<_CharT, _Traits>::__ios_type = std::basic_ios<char>]
/usr/include/c++/4.6/ostream:119:7: note:   no known conversion for argument 1 from ‘void’ to ‘std::basic_ostream<char>::__ios_type& (*)(std::basic_ostream<char>::__ios_type&) {aka std::basic_ios<char>& (*)(std::basic_ios<char>&)}’
/usr/include/c++/4.6/ostream:129:7: note: std::basic_ostream<_CharT, _Traits>::__ostream_type& std::basic_ostream<_CharT, _Traits>::operator<<(std::ios_base& (*)(std::ios_base&)) [with _CharT = char, _Traits = std::char_traits<char>, std::basic_ostream<_CharT, _Traits>::__ostream_type = std::basic_ostream<char>]
/usr/include/c++/4.6/ostream:129:7: note:   no known conversion for argument 1 from ‘void’ to ‘std::ios_base& (*)(std::ios_base&)’
/usr/include/c++/4.6/ostream:167:7: note: std::basic_ostream<_CharT, _Traits>::__ostream_type& std::basic_ostream<_CharT, _Traits>::operator<<(long int) [with _CharT = char, _Traits = std::char_traits<char>, std::basic_ostream<_CharT, _Traits>::__ostream_type = std::basic_ostream<char>]
/usr/include/c++/4.6/ostream:167:7: note:   no known conversion for argument 1 from ‘void’ to ‘long int’
/usr/include/c++/4.6/ostream:171:7: note: std::basic_ostream<_CharT, _Traits>::__ostream_type& std::basic_ostream<_CharT, _Traits>::operator<<(long unsigned int) [with _CharT = char, _Traits = std::char_traits<char>, std::basic_ostream<_CharT, _Traits>::__ostream_type = std::basic_ostream<char>]
/usr/include/c++/4.6/ostream:171:7: note:   no known conversion for argument 1 from ‘void’ to ‘long unsigned int’
/usr/include/c++/4.6/ostream:175:7: note: std::basic_ostream<_CharT, _Traits>::__ostream_type& std::basic_ostream<_CharT, _Traits>::operator<<(bool) [with _CharT = char, _Traits = std::char_traits<char>, std::basic_ostream<_CharT, _Traits>::__ostream_type = std::basic_ostream<char>]
/usr/include/c++/4.6/ostream:175:7: note:   no known conversion for argument 1 from ‘void’ to ‘bool’
/usr/include/c++/4.6/bits/ostream.tcc:93:5: note: std::basic_ostream<_CharT, _Traits>& std::basic_ostream<_CharT, _Traits>::operator<<(short int) [with _CharT = char, _Traits = std::char_traits<char>]
/usr/include/c++/4.6/bits/ostream.tcc:93:5: note:   no known conversion for argument 1 from ‘void’ to ‘short int’
/usr/include/c++/4.6/ostream:182:7: note: std::basic_ostream<_CharT, _Traits>::__ostream_type& std::basic_ostream<_CharT, _Traits>::operator<<(short unsigned int) [with _CharT = char, _Traits = std::char_traits<char>, std::basic_ostream<_CharT, _Traits>::__ostream_type = std::basic_ostream<char>]
/usr/include/c++/4.6/ostream:182:7: note:   no known conversion for argument 1 from ‘void’ to ‘short unsigned int’
/usr/include/c++/4.6/bits/ostream.tcc:107:5: note: std::basic_ostream<_CharT, _Traits>& std::basic_ostream<_CharT, _Traits>::operator<<(int) [with _CharT = char, _Traits = std::char_traits<char>]
/usr/include/c++/4.6/bits/ostream.tcc:107:5: note:   no known conversion for argument 1 from ‘void’ to ‘int’
/usr/include/c++/4.6/ostream:193:7: note: std::basic_ostream<_CharT, _Traits>::__ostream_type& std::basic_ostream<_CharT, _Traits>::operator<<(unsigned int) [with _CharT = char, _Traits = std::char_traits<char>, std::basic_ostream<_CharT, _Traits>::__ostream_type = std::basic_ostream<char>]
/usr/include/c++/4.6/ostream:193:7: note:   no known conversion for argument 1 from ‘void’ to ‘unsigned int’
/usr/include/c++/4.6/ostream:202:7: note: std::basic_ostream<_CharT, _Traits>::__ostream_type& std::basic_ostream<_CharT, _Traits>::operator<<(long long int) [with _CharT = char, _Traits = std::char_traits<char>, std::basic_ostream<_CharT, _Traits>::__ostream_type = std::basic_ostream<char>]
/usr/include/c++/4.6/ostream:202:7: note:   no known conversion for argument 1 from ‘void’ to ‘long long int’
/usr/include/c++/4.6/ostream:206:7: note: std::basic_ostream<_CharT, _Traits>::__ostream_type& std::basic_ostream<_CharT, _Traits>::operator<<(long long unsigned int) [with _CharT = char, _Traits = std::char_traits<char>, std::basic_ostream<_CharT, _Traits>::__ostream_type = std::basic_ostream<char>]
/usr/include/c++/4.6/ostream:206:7: note:   no known conversion for argument 1 from ‘void’ to ‘long long unsigned int’
/usr/include/c++/4.6/ostream:211:7: note: std::basic_ostream<_CharT, _Traits>::__ostream_type& std::basic_ostream<_CharT, _Traits>::operator<<(double) [with _CharT = char, _Traits = std::char_traits<char>, std::basic_ostream<_CharT, _Traits>::__ostream_type = std::basic_ostream<char>]
/usr/include/c++/4.6/ostream:211:7: note:   no known conversion for argument 1 from ‘void’ to ‘double’
/usr/include/c++/4.6/ostream:215:7: note: std::basic_ostream<_CharT, _Traits>::__ostream_type& std::basic_ostream<_CharT, _Traits>::operator<<(float) [with _CharT = char, _Traits = std::char_traits<char>, std::basic_ostream<_CharT, _Traits>::__ostream_type = std::basic_ostream<char>]
/usr/include/c++/4.6/ostream:215:7: note:   no known conversion for argument 1 from ‘void’ to ‘float’
/usr/include/c++/4.6/ostream:223:7: note: std::basic_ostream<_CharT, _Traits>::__ostream_type& std::basic_ostream<_CharT, _Traits>::operator<<(long double) [with _CharT = char, _Traits = std::char_traits<char>, std::basic_ostream<_CharT, _Traits>::__ostream_type = std::basic_ostream<char>]
/usr/include/c++/4.6/ostream:223:7: note:   no known conversion for argument 1 from ‘void’ to ‘long double’
/usr/include/c++/4.6/ostream:227:7: note: std::basic_ostream<_CharT, _Traits>::__ostream_type& std::basic_ostream<_CharT, _Traits>::operator<<(const void*) [with _CharT = char, _Traits = std::char_traits<char>, std::basic_ostream<_CharT, _Traits>::__ostream_type = std::basic_ostream<char>]
/usr/include/c++/4.6/ostream:227:7: note:   no known conversion for argument 1 from ‘void’ to ‘const void*’
/usr/include/c++/4.6/bits/ostream.tcc:121:5: note: std::basic_ostream<_CharT, _Traits>& std::basic_ostream<_CharT, _Traits>::operator<<(std::basic_ostream<_CharT, _Traits>::__streambuf_type*) [with _CharT = char, _Traits = std::char_traits<char>, std::basic_ostream<_CharT, _Traits>::__streambuf_type = std::basic_streambuf<char>]
/usr/include/c++/4.6/bits/ostream.tcc:121:5: note:   no known conversion for argument 1 from ‘void’ to ‘std::basic_ostream<char>::__streambuf_type* {aka std::basic_streambuf<char>*}’
/usr/include/c++/4.6/bits/basic_string.h:2693:5: note: template<class _CharT, class _Traits, class _Alloc> std::basic_ostream<_CharT, _Traits>& std::operator<<(std::basic_ostream<_CharT, _Traits>&, const std::basic_string<_CharT, _Traits, _Alloc>&)
/usr/include/c++/4.6/ostream:451:5: note: template<class _CharT, class _Traits> std::basic_ostream<_CharT, _Traits>& std::operator<<(std::basic_ostream<_CharT, _Traits>&, _CharT)
/usr/include/c++/4.6/ostream:456:5: note: template<class _CharT, class _Traits> std::basic_ostream<_CharT, _Traits>& std::operator<<(std::basic_ostream<_CharT, _Traits>&, char)
/usr/include/c++/4.6/ostream:462:5: note: template<class _Traits> std::basic_ostream<char, _Traits>& std::operator<<(std::basic_ostream<char, _Traits>&, char)
/usr/include/c++/4.6/ostream:468:5: note: template<class _Traits> std::basic_ostream<char, _Traits>& std::operator<<(std::basic_ostream<char, _Traits>&, signed char)
/usr/include/c++/4.6/ostream:473:5: note: template<class _Traits> std::basic_ostream<char, _Traits>& std::operator<<(std::basic_ostream<char, _Traits>&, unsigned char)
/usr/include/c++/4.6/ostream:493:5: note: template<class _CharT, class _Traits> std::basic_ostream<_CharT, _Traits>& std::operator<<(std::basic_ostream<_CharT, _Traits>&, const _CharT*)
/usr/include/c++/4.6/bits/ostream.tcc:323:5: note: template<class _CharT, class _Traits> std::basic_ostream<_CharT, _Traits>& std::operator<<(std::basic_ostream<_CharT, _Traits>&, const char*)
/usr/include/c++/4.6/ostream:510:5: note: template<class _Traits> std::basic_ostream<char, _Traits>& std::operator<<(std::basic_ostream<char, _Traits>&, const char*)
/usr/include/c++/4.6/ostream:523:5: note: template<class _Traits> std::basic_ostream<char, _Traits>& std::operator<<(std::basic_ostream<char, _Traits>&, const signed char*)
/usr/include/c++/4.6/ostream:528:5: note: template<class _Traits> std::basic_ostream<char, _Traits>& std::operator<<(std::basic_ostream<char, _Traits>&, const unsigned char*)
/usr/include/c++/4.6/iomanip:78:5: note: template<class _CharT, class _Traits> std::basic_ostream<_CharT, _Traits>& std::operator<<(std::basic_ostream<_CharT, _Traits>&, std::_Resetiosflags)
/usr/include/c++/4.6/iomanip:108:5: note: template<class _CharT, class _Traits> std::basic_ostream<_CharT, _Traits>& std::operator<<(std::basic_ostream<_CharT, _Traits>&, std::_Setiosflags)
/usr/include/c++/4.6/iomanip:142:5: note: template<class _CharT, class _Traits> std::basic_ostream<_CharT, _Traits>& std::operator<<(std::basic_ostream<_CharT, _Traits>&, std::_Setbase)
/usr/include/c++/4.6/iomanip:177:5: note: template<class _CharT, class _Traits> std::basic_ostream<_CharT, _Traits>& std::operator<<(std::basic_ostream<_CharT, _Traits>&, std::_Setfill<_CharT>)
/usr/include/c++/4.6/iomanip:207:5: note: template<class _CharT, class _Traits> std::basic_ostream<_CharT, _Traits>& std::operator<<(std::basic_ostream<_CharT, _Traits>&, std::_Setprecision)
/usr/include/c++/4.6/iomanip:237:5: note: template<class _CharT, class _Traits> std::basic_ostream<_CharT, _Traits>& std::operator<<(std::basic_ostream<_CharT, _Traits>&, std::_Setw)
../main.cpp: In member function ‘float lineType::getSlope()’:
../main.cpp:50:3: warning: control reaches end of non-void function [-Wreturn-type]
make: *** [main.o] Error 1
21:36:47 **** Build of configuration Debug for project showdir ****
make all 
make: Nothing to be done for `all'.

**** Build of configuration Debug for project temp ****

Nothing to build for project temp
21:38:14 **** Incremental Build of configuration Debug for project egit test ****
make all 
make: Nothing to be done for `all'.
21:38:14 **** Incremental Build of configuration Debug for project exercise_9_2 ****
make all 
make: Nothing to be done for `all'.
21:38:14 **** Incremental Build of configuration Debug for project fortest ****
make all 
make: Nothing to be done for `all'.
21:38:15 **** Incremental Build of configuration Debug for project lineType V1 ****
make all 
Building file: ../main.cpp
Invoking: GCC C++ Compiler
g++ -O0 -g3 -Wall -c -fmessage-length=0 -MMD -MP -MF"main.d" -MT"main.d" -o "main.o" "../main.cpp"
../main.cpp: In member function ‘float lineType::getSlope()’:
../main.cpp:50:3: warning: control reaches end of non-void function [-Wreturn-type]
Finished building: ../main.cpp
 
Building target: lineType V1
Invoking: GCC C++ Linker
g++  -o "lineType V1"  ./main.o   
Finished building target: lineType V1
 
21:38:16 **** Incremental Build of configuration Debug for project showdir ****
make all 
make: Nothing to be done for `all'.

**** Build of configuration Debug for project temp ****

Nothing to build for project temp
21:39:26 **** Incremental Build of configuration Debug for project egit test ****
make all 
make: Nothing to be done for `all'.
21:39:26 **** Incremental Build of configuration Debug for project exercise_9_2 ****
make all 
make: Nothing to be done for `all'.
21:39:26 **** Incremental Build of configuration Debug for project fortest ****
make all 
make: Nothing to be done for `all'.
21:39:26 **** Incremental Build of configuration Debug for project lineType V1 ****
make all 
Building file: ../main.cpp
Invoking: GCC C++ Compiler
g++ -O0 -g3 -Wall -c -fmessage-length=0 -MMD -MP -MF"main.d" -MT"main.d" -o "main.o" "../main.cpp"
Finished building: ../main.cpp
 
Building target: lineType V1
Invoking: GCC C++ Linker
g++  -o "lineType V1"  ./main.o   
Finished building target: lineType V1
 
21:39:27 **** Incremental Build of configuration Debug for project showdir ****
make all 
make: Nothing to be done for `all'.

**** Build of configuration Debug for project temp ****

Nothing to build for project temp
21:39:35 **** Incremental Build of configuration Debug for project fortest ****
make all 
make: Nothing to be done for `all'.
21:39:53 **** Incremental Build of configuration Debug for project lineType V1 ****
make all 
make: Nothing to be done for `all'.
21:41:43 **** Incremental Build of configuration Debug for project lineType V1 ****
make all 
Building file: ../main.cpp
Invoking: GCC C++ Compiler
g++ -O0 -g3 -Wall -c -fmessage-length=0 -MMD -MP -MF"main.d" -MT"main.d" -o "main.o" "../main.cpp"
Finished building: ../main.cpp
 
Building target: lineType V1
Invoking: GCC C++ Linker
g++  -o "lineType V1"  ./main.o   
Finished building target: lineType V1
 
21:42:18 **** Incremental Build of configuration Debug for project lineType V1 ****
make all 
make: Nothing to be done for `all'.
